<?xml version="1.0" encoding="UTF-8"?>
<testng-results ignored="0" total="2" passed="2" failed="0" skipped="0">
  <reporter-output>
  </reporter-output>
  <suite started-at="2022-01-16T14:06:58 IST" name="Suite" finished-at="2022-01-16T14:06:58 IST" duration-ms="79">
    <groups>
    </groups>
    <test started-at="2022-01-16T14:06:58 IST" name="Test" finished-at="2022-01-16T14:06:58 IST" duration-ms="79">
      <class name="Module2.Functionality2Test">
        <test-method signature="test2()[pri:0, instance:Module2.Functionality2Test@6e0f5f7f]" started-at="2022-01-16T14:06:58 IST" name="test2" finished-at="2022-01-16T14:06:58 IST" duration-ms="2" status="PASS">
          <reporter-output>
          </reporter-output>
        </test-method> <!-- test2 -->
      </class> <!-- Module2.Functionality2Test -->
      <class name="Module1.Functionality1Test">
        <test-method signature="test1()[pri:0, instance:Module1.Functionality1Test@25fb8912]" started-at="2022-01-16T14:06:58 IST" name="test1" finished-at="2022-01-16T14:06:58 IST" duration-ms="11" status="PASS">
          <reporter-output>
          </reporter-output>
        </test-method> <!-- test1 -->
      </class> <!-- Module1.Functionality1Test -->
    </test> <!-- Test -->
  </suite> <!-- Suite -->
</testng-results>
